<?xml version="1.0" encoding="UTF-8"?>
<testng-results skipped="0" failed="0" ignored="0" total="1" passed="1">
  <reporter-output>
  </reporter-output>
  <suite name="Default suite" duration-ms="136800" started-at="2022-09-16T07:42:26Z" finished-at="2022-09-16T07:44:43Z">
    <groups>
    </groups>
    <test name="Default test" duration-ms="136800" started-at="2022-09-16T07:42:26Z" finished-at="2022-09-16T07:44:43Z">
      <class name="sampleTest.SampleTEst1">
        <test-method status="PASS" signature="logintest()[pri:0, instance:sampleTest.SampleTEst1@6e1567f1]" name="logintest" duration-ms="135628" started-at="2022-09-16T07:42:26Z" finished-at="2022-09-16T07:44:42Z">
          <reporter-output>
          </reporter-output>
        </test-method> <!-- logintest -->
      </class> <!-- sampleTest.SampleTEst1 -->
    </test> <!-- Default test -->
  </suite> <!-- Default suite -->
</testng-results>
